============================================
Interference Experiment
============================================
Schedule:      experiment (random)
  conv_next: 5 steps × 240s = 1200s
  efficientnet_b6: 5 steps × 240s = 1200s
Models:        2 (reduced set)
Interference:  True
Seed:          1112981253
NPROC:         4
Output:        data/experiments/2026-04-05_15-40-31/2026-04-05_16-03-43.json
============================================


============================================
[1/2] conv_next (5 steps × 240s = 1200s)
============================================
  Starting evaluation...
Random interference: 5 steps × 240s = 1200s, seed=1112981253, order=[0 -> 3 -> 1 -> 4 -> 2]
  [1/5] Step 0: idle (240s)
  Started cpu_stress (pid=289796, threads=16, cores=32-47)
  Started memory_bandwidth (pid=289797, threads=2, cores=60-61)
  Started cpu_stress (pid=289798, threads=8, cores=48-55)
  Started memory_bandwidth (pid=289799, threads=2, cores=62-63)
  [2/5] Step 3: cpu_stress_16t_c32-47+cpu_stress_8t_c48-55+memory_bandwidth_2t_c60-61+memory_bandwidth_2t_c62-63 (240s)
  Stopped cpu_stress (pid=289798, threads=8, cores=48-55)
  Stopped memory_bandwidth (pid=289799, threads=2, cores=62-63)
  [3/5] Step 1: cpu_stress_16t_c32-47+memory_bandwidth_2t_c60-61 (240s)
  Started cpu_stress (pid=290078, threads=8, cores=48-55)
  Started cpu_stress (pid=290079, threads=4, cores=56-59)
  Started memory_bandwidth (pid=290080, threads=2, cores=62-63)
  [4/5] Step 4: cpu_stress_16t_c32-47+cpu_stress_8t_c48-55+cpu_stress_4t_c56-59+memory_bandwidth_2t_c60-61+memory_bandwidth_2t_c62-63 (240s)
  Stopped cpu_stress (pid=290078, threads=8, cores=48-55)
  Stopped cpu_stress (pid=290079, threads=4, cores=56-59)
  Started cpu_stress (pid=290217, threads=4, cores=48-51)
  [5/5] Step 2: cpu_stress_16t_c32-47+cpu_stress_4t_c48-51+memory_bandwidth_2t_c60-61+memory_bandwidth_2t_c62-63 (240s)
  Stopped cpu_stress (pid=289796, threads=16, cores=32-47)
  Stopped memory_bandwidth (pid=289797, threads=2, cores=60-61)
  Stopped memory_bandwidth (pid=290080, threads=2, cores=62-63)
  Stopped cpu_stress (pid=290217, threads=4, cores=48-51)
Interference log saved to data/experiments/2026-04-05_15-40-31/.tmp_2026-04-05_16-03-43/interference_conv_next.json
  Stopping evaluation...
  conv_next complete.

============================================
[2/2] efficientnet_b6 (5 steps × 240s = 1200s)
============================================
  Starting evaluation...
Random interference: 5 steps × 240s = 1200s, seed=1112981253, order=[0 -> 3 -> 1 -> 4 -> 2]
  [1/5] Step 0: idle (240s)
  Started cpu_stress (pid=290319, threads=16, cores=32-47)
  Started memory_bandwidth (pid=290320, threads=2, cores=60-61)
  Started cpu_stress (pid=290321, threads=8, cores=48-55)
  Started memory_bandwidth (pid=290322, threads=2, cores=62-63)
  [2/5] Step 3: cpu_stress_16t_c32-47+cpu_stress_8t_c48-55+memory_bandwidth_2t_c60-61+memory_bandwidth_2t_c62-63 (240s)
  Stopped cpu_stress (pid=290321, threads=8, cores=48-55)
  Stopped memory_bandwidth (pid=290322, threads=2, cores=62-63)
  [3/5] Step 1: cpu_stress_16t_c32-47+memory_bandwidth_2t_c60-61 (240s)
  Started cpu_stress (pid=290600, threads=8, cores=48-55)
  Started cpu_stress (pid=290601, threads=4, cores=56-59)
  Started memory_bandwidth (pid=290602, threads=2, cores=62-63)
  [4/5] Step 4: cpu_stress_16t_c32-47+cpu_stress_8t_c48-55+cpu_stress_4t_c56-59+memory_bandwidth_2t_c60-61+memory_bandwidth_2t_c62-63 (240s)
  Stopped cpu_stress (pid=290600, threads=8, cores=48-55)
  Stopped cpu_stress (pid=290601, threads=4, cores=56-59)
  Started cpu_stress (pid=290735, threads=4, cores=48-51)
  [5/5] Step 2: cpu_stress_16t_c32-47+cpu_stress_4t_c48-51+memory_bandwidth_2t_c60-61+memory_bandwidth_2t_c62-63 (240s)
  Stopped cpu_stress (pid=290319, threads=16, cores=32-47)
  Stopped memory_bandwidth (pid=290320, threads=2, cores=60-61)
  Stopped memory_bandwidth (pid=290602, threads=2, cores=62-63)
  Stopped cpu_stress (pid=290735, threads=4, cores=48-51)
Interference log saved to data/experiments/2026-04-05_15-40-31/.tmp_2026-04-05_16-03-43/interference_efficientnet_b6.json
  Stopping evaluation...
  efficientnet_b6 complete.

Merging results...

============================================
Experiment complete: data/experiments/2026-04-05_15-40-31/2026-04-05_16-03-43.json
============================================
